*
* Visual Studio Code Server
*
* By using the software, you agree to
* the Visual Studio Code Server License Terms (https://aka.ms/vscode-server-license) and
* the Microsoft Privacy Statement (https://privacy.microsoft.com/en-US/privacystatement).
*
Web UI available at http://127.0.0.1:8080
[2026-03-23 01:39:25] info Downloading server 07ff9d6178ede9a1bd12ad3399074d726ebe6e43
[2026-03-23 01:39:59] info Starting server 07ff9d6178ede9a1bd12ad3399074d726ebe6e43
[2026-03-23 01:40:01] info [07ff9d6 stdout]: *
[2026-03-23 01:40:01] info [07ff9d6 stdout]: * Visual Studio Code Server
[2026-03-23 01:40:01] info [07ff9d6 stdout]: *
[2026-03-23 01:40:01] info [07ff9d6 stdout]: * By using the software, you agree to
[2026-03-23 01:40:01] info [07ff9d6 stdout]: * the Visual Studio Code Server License Terms (https://aka.ms/vscode-server-license) and
[2026-03-23 01:40:01] info [07ff9d6 stdout]: * the Microsoft Privacy Statement (https://privacy.microsoft.com/en-US/privacystatement).
[2026-03-23 01:40:01] info [07ff9d6 stdout]: *
[2026-03-23 01:40:01] info [07ff9d6 stdout]: Server bound to \\.\pipe\code-79631640-77a0-4c62-b433-6c9c42f9c4a4
[2026-03-23 01:40:01] info [07ff9d6 stdout]: Extension host agent listening on \\.\pipe\code-79631640-77a0-4c62-b433-6c9c42f9c4a4
[2026-03-23 01:40:01] info [07ff9d6 stdout]: 
[2026-03-23 01:40:01] info [07ff9d6 stdout]: [01:40:01] 
[2026-03-23 01:40:01] info [07ff9d6 stdout]: 
[2026-03-23 01:40:01] info [07ff9d6 stdout]: 
[2026-03-23 01:40:01] info [07ff9d6 stdout]: 
[2026-03-23 01:40:01] info [07ff9d6 stdout]: 
[2026-03-23 01:40:01] info [07ff9d6 stdout]: [reconnection-grace-time] No CLI argument provided, using default: 10800000ms (10800s)
[2026-03-23 01:40:01] info [07ff9d6 stdout]: [01:40:01] Extension host agent started.
[2026-03-23 01:40:01] info [07ff9d6 stdout]: [01:40:01] Started initializing default profile extensions in extensions installation folder. file:///c%3A/Users/Lourdes%20D%20Alarcon/.vscode-server/extensions
[2026-03-23 01:40:01] info [07ff9d6 stdout]: [01:40:01] Completed initializing default profile extensions in extensions installation folder. file:///c%3A/Users/Lourdes%20D%20Alarcon/.vscode-server/extensions
